# JRE version: OpenJDK Runtime Environment (8.0_91-b14) (build 1.8.0_91-8u91-b14-0ubuntu4~16.04.1-b14)
# Java VM: OpenJDK 64-Bit Server VM (25.91-b14 mixed mode linux-amd64 compressed oops)
Heap:
 PSYoungGen      total 67584K, used 6144K [0x00000000ec180000, 0x00000000f0980000, 0x0000000100000000)
  eden space 61440K, 0% used [0x00000000ec180000,0x00000000ec180000,0x00000000efd80000)
  from space 6144K, 100% used [0x00000000efd80000,0x00000000f0380000,0x00000000f0380000)
  to   space 5632K, 0% used [0x00000000f0400000,0x00000000f0400000,0x00000000f0980000)
 ParOldGen       total 40960K, used 7916K [0x00000000c4400000, 0x00000000c6c00000, 0x00000000ec180000)
  object space 40960K, 19% used [0x00000000c4400000,0x00000000c4bbb288,0x00000000c6c00000)
 Metaspace       used 14810K, capacity 15248K, committed 15488K, reserved 1062912K
  class space    used 1712K, capacity 1842K, committed 1920K, reserved 1048576K
GC Heap History (10 events):
Event: 0,970 GC heap after
Heap after GC invocations=2 (full 0):
 PSYoungGen      total 17920K, used 2116K [0x00000000ec180000, 0x00000000ee480000, 0x0000000100000000)
  eden space 15360K, 0% used [0x00000000ec180000,0x00000000ec180000,0x00000000ed080000)
  from space 2560K, 82% used [0x00000000ed300000,0x00000000ed5112e8,0x00000000ed580000)
  to   space 2560K, 0% used [0x00000000ed080000,0x00000000ed080000,0x00000000ed300000)
 ParOldGen       total 40960K, used 579K [0x00000000c4400000, 0x00000000c6c00000, 0x00000000ec180000)
  object space 40960K, 1% used [0x00000000c4400000,0x00000000c4490e00,0x00000000c6c00000)
 Metaspace       used 7044K, capacity 7224K, committed 7424K, reserved 1056768K
  class space    used 865K, capacity 924K, committed 1024K, reserved 1048576K
}
Event: 1,506 GC heap before
{Heap before GC invocations=3 (full 0):
 PSYoungGen      total 17920K, used 17476K [0x00000000ec180000, 0x00000000ee480000, 0x0000000100000000)
  eden space 15360K, 100% used [0x00000000ec180000,0x00000000ed080000,0x00000000ed080000)
  from space 2560K, 82% used [0x00000000ed300000,0x00000000ed5112e8,0x00000000ed580000)
  to   space 2560K, 0% used [0x00000000ed080000,0x00000000ed080000,0x00000000ed300000)
 ParOldGen       total 40960K, used 579K [0x00000000c4400000, 0x00000000c6c00000, 0x00000000ec180000)
  object space 40960K, 1% used [0x00000000c4400000,0x00000000c4490e00,0x00000000c6c00000)
 Metaspace       used 8962K, capacity 9176K, committed 9472K, reserved 1056768K
  class space    used 1118K, capacity 1185K, committed 1280K, reserved 1048576K
Event: 1,512 GC heap after
Heap after GC invocations=3 (full 0):
 PSYoungGen      total 17920K, used 2557K [0x00000000ec180000, 0x00000000ee480000, 0x0000000100000000)
  eden space 15360K, 0% used [0x00000000ec180000,0x00000000ec180000,0x00000000ed080000)
  from space 2560K, 99% used [0x00000000ed080000,0x00000000ed2ff468,0x00000000ed300000)
  to   space 2560K, 0% used [0x00000000ee200000,0x00000000ee200000,0x00000000ee480000)
 ParOldGen       total 40960K, used 1784K [0x00000000c4400000, 0x00000000c6c00000, 0x00000000ec180000)
  object space 40960K, 4% used [0x00000000c4400000,0x00000000c45be0a8,0x00000000c6c00000)
 Metaspace       used 8962K, capacity 9176K, committed 9472K, reserved 1056768K
  class space    used 1118K, capacity 1185K, committed 1280K, reserved 1048576K
}
Event: 2,107 GC heap before
{Heap before GC invocations=4 (full 0):
 PSYoungGen      total 17920K, used 17917K [0x00000000ec180000, 0x00000000ee480000, 0x0000000100000000)
  eden space 15360K, 100% used [0x00000000ec180000,0x00000000ed080000,0x00000000ed080000)
  from space 2560K, 99% used [0x00000000ed080000,0x00000000ed2ff468,0x00000000ed300000)
  to   space 2560K, 0% used [0x00000000ee200000,0x00000000ee200000,0x00000000ee480000)
 ParOldGen       total 40960K, used 1784K [0x00000000c4400000, 0x00000000c6c00000, 0x00000000ec180000)
  object space 40960K, 4% used [0x00000000c4400000,0x00000000c45be0a8,0x00000000c6c00000)
 Metaspace       used 11600K, capacity 11862K, committed 12032K, reserved 1060864K
  class space    used 1410K, capacity 1525K, committed 1536K, reserved 1048576K
Event: 2,119 GC heap after
Heap after GC invocations=4 (full 0):
 PSYoungGen      total 33280K, used 2560K [0x00000000ec180000, 0x00000000ee480000, 0x0000000100000000)
  eden space 30720K, 0% used [0x00000000ec180000,0x00000000ec180000,0x00000000edf80000)
  from space 2560K, 100% used [0x00000000ee200000,0x00000000ee480000,0x00000000ee480000)
  to   space 2560K, 0% used [0x00000000edf80000,0x00000000edf80000,0x00000000ee200000)
 ParOldGen       total 40960K, used 3500K [0x00000000c4400000, 0x00000000c6c00000, 0x00000000ec180000)
  object space 40960K, 8% used [0x00000000c4400000,0x00000000c476b3f0,0x00000000c6c00000)
 Metaspace       used 11600K, capacity 11862K, committed 12032K, reserved 1060864K
  class space    used 1410K, capacity 1525K, committed 1536K, reserved 1048576K
}
Event: 3,145 GC heap before
{Heap before GC invocations=5 (full 0):
 PSYoungGen      total 33280K, used 33280K [0x00000000ec180000, 0x00000000ee480000, 0x0000000100000000)
  eden space 30720K, 100% used [0x00000000ec180000,0x00000000edf80000,0x00000000edf80000)
  from space 2560K, 100% used [0x00000000ee200000,0x00000000ee480000,0x00000000ee480000)
  to   space 2560K, 0% used [0x00000000edf80000,0x00000000edf80000,0x00000000ee200000)
 ParOldGen       total 40960K, used 3500K [0x00000000c4400000, 0x00000000c6c00000, 0x00000000ec180000)
  object space 40960K, 8% used [0x00000000c4400000,0x00000000c476b3f0,0x00000000c6c00000)
 Metaspace       used 13299K, capacity 13658K, committed 13824K, reserved 1060864K
  class space    used 1583K, capacity 1697K, committed 1792K, reserved 1048576K
Event: 3,168 GC heap after
Heap after GC invocations=5 (full 0):
 PSYoungGen      total 33280K, used 2544K [0x00000000ec180000, 0x00000000f0a80000, 0x0000000100000000)
  eden space 30720K, 0% used [0x00000000ec180000,0x00000000ec180000,0x00000000edf80000)
  from space 2560K, 99% used [0x00000000edf80000,0x00000000ee1fc030,0x00000000ee200000)
  to   space 6656K, 0% used [0x00000000f0400000,0x00000000f0400000,0x00000000f0a80000)
 ParOldGen       total 40960K, used 6536K [0x00000000c4400000, 0x00000000c6c00000, 0x00000000ec180000)
  object space 40960K, 15% used [0x00000000c4400000,0x00000000c4a62318,0x00000000c6c00000)
 Metaspace       used 13299K, capacity 13658K, committed 13824K, reserved 1060864K
  class space    used 1583K, capacity 1697K, committed 1792K, reserved 1048576K
}
Event: 3,787 GC heap before
{Heap before GC invocations=6 (full 0):
 PSYoungGen      total 33280K, used 33264K [0x00000000ec180000, 0x00000000f0a80000, 0x0000000100000000)
  eden space 30720K, 100% used [0x00000000ec180000,0x00000000edf80000,0x00000000edf80000)
  from space 2560K, 99% used [0x00000000edf80000,0x00000000ee1fc030,0x00000000ee200000)
  to   space 6656K, 0% used [0x00000000f0400000,0x00000000f0400000,0x00000000f0a80000)
 ParOldGen       total 40960K, used 6536K [0x00000000c4400000, 0x00000000c6c00000, 0x00000000ec180000)
  object space 40960K, 15% used [0x00000000c4400000,0x00000000c4a62318,0x00000000c6c00000)
 Metaspace       used 13598K, capacity 13914K, committed 14080K, reserved 1060864K
  class space    used 1587K, capacity 1697K, committed 1792K, reserved 1048576K
Event: 3,809 GC heap after
Heap after GC invocations=6 (full 0):
 PSYoungGen      total 67072K, used 3728K [0x00000000ec180000, 0x00000000f0980000, 0x0000000100000000)
  eden space 61440K, 0% used [0x00000000ec180000,0x00000000ec180000,0x00000000efd80000)
  from space 5632K, 66% used [0x00000000f0400000,0x00000000f07a4030,0x00000000f0980000)
  to   space 6144K, 0% used [0x00000000efd80000,0x00000000efd80000,0x00000000f0380000)
 ParOldGen       total 40960K, used 6544K [0x00000000c4400000, 0x00000000c6c00000, 0x00000000ec180000)
  object space 40960K, 15% used [0x00000000c4400000,0x00000000c4a64318,0x00000000c6c00000)
 Metaspace       used 13598K, capacity 13914K, committed 14080K, reserved 1060864K
  class space    used 1587K, capacity 1697K, committed 1792K, reserved 1048576K
}
Event: 7,730 GC heap before
{Heap before GC invocations=7 (full 0):
 PSYoungGen      total 67072K, used 65168K [0x00000000ec180000, 0x00000000f0980000, 0x0000000100000000)
  eden space 61440K, 100% used [0x00000000ec180000,0x00000000efd80000,0x00000000efd80000)
  from space 5632K, 66% used [0x00000000f0400000,0x00000000f07a4030,0x00000000f0980000)
  to   space 6144K, 0% used [0x00000000efd80000,0x00000000efd80000,0x00000000f0380000)
 ParOldGen       total 40960K, used 6544K [0x00000000c4400000, 0x00000000c6c00000, 0x00000000ec180000)
  object space 40960K, 15% used [0x00000000c4400000,0x00000000c4a64318,0x00000000c6c00000)
 Metaspace       used 14810K, capacity 15248K, committed 15488K, reserved 1062912K
  class space    used 1712K, capacity 1842K, committed 1920K, reserved 1048576K

